<?xml version="1.0" encoding="UTF-8"?>
<testng-results skipped="0" failed="0" ignored="0" total="1" passed="1">
  <reporter-output>
  </reporter-output>
  <suite name="Default suite" duration-ms="51" started-at="2019-03-12T17:58:20Z" finished-at="2019-03-12T17:58:20Z">
    <groups>
    </groups>
    <test name="Default test" duration-ms="51" started-at="2019-03-12T17:58:20Z" finished-at="2019-03-12T17:58:20Z">
      <class name="main.SysGetProprty">
        <test-method status="PASS" signature="sysGetProp()[pri:0, instance:main.SysGetProprty@5b275dab]" name="sysGetProp" duration-ms="16" started-at="2019-03-12T17:58:20Z" finished-at="2019-03-12T17:58:20Z">
          <reporter-output>
          </reporter-output>
        </test-method> <!-- sysGetProp -->
      </class> <!-- main.SysGetProprty -->
    </test> <!-- Default test -->
  </suite> <!-- Default suite -->
</testng-results>
