<?xml version="1.0" encoding="UTF-8"?>
<testng-results ignored="0" total="1" passed="1" failed="0" skipped="0">
  <reporter-output>
  </reporter-output>
  <suite started-at="2019-02-01T17:13:53Z" name="Default suite" finished-at="2019-02-01T17:13:53Z" duration-ms="76">
    <groups>
    </groups>
    <test started-at="2019-02-01T17:13:53Z" name="Default test" finished-at="2019-02-01T17:13:53Z" duration-ms="76">
      <class name="CollectionsFrameworkPractice.NewTest">
        <test-method signature="f()[pri:0, instance:CollectionsFrameworkPractice.NewTest@6c40365c]" started-at="2019-02-01T17:13:53Z" name="f" finished-at="2019-02-01T17:13:53Z" duration-ms="36" status="PASS">
          <reporter-output>
          </reporter-output>
        </test-method> <!-- f -->
      </class> <!-- CollectionsFrameworkPractice.NewTest -->
    </test> <!-- Default test -->
  </suite> <!-- Default suite -->
</testng-results>
