<?xml version="1.0" encoding="UTF-8"?>
<!-- Generated by org.testng.reporters.JUnitXMLReporter -->
<testsuite ignored="2" hostname="DESKTOP-M8RIVEK" failures="0" tests="1" name="Default test" time="63.091" errors="0" timestamp="31 Jan 2019 15:30:46 GMT">
  <testcase classname="CollectionsFrameworkPractice.Pomtest" name="datePicker" time="52.11"/>
  <testcase classname="CollectionsFrameworkPractice.Pomtest" name="screenShot" time="0.0">
    <ignored/>
  </testcase> <!-- screenShot -->
  <testcase classname="CollectionsFrameworkPractice.Pomtest" name="launch" time="0.0">
    <ignored/>
  </testcase> <!-- launch -->
</testsuite> <!-- Default test -->
